<?xml version="1.0" encoding="UTF-8"?>
<testsuites>
    <testsuite name="force.apex" timestamp="2020-12-30T08:21:14-03:00" hostname="https://mindful-fox-nzaknp-dev-ed.my.salesforce.com" tests="1" failures="1"  errors="0"  time="0.26">
        <properties>
            <property name="outcome" value="Failed"/>
            <property name="testsRan" value="1"/>
            <property name="passing" value="0"/>
            <property name="failing" value="1"/>
            <property name="skipped" value="0"/>
            <property name="passRate" value="0%"/>
            <property name="failRate" value="100%"/>
            <property name="testStartTime" value="Dec 30, 2020 8:21 AM"/>
            <property name="testExecutionTime" value="0.26 s"/>
            <property name="testTotalTime" value="0.26 s"/>
            <property name="commandTime" value="5.26 s"/>
            <property name="hostname" value="https://mindful-fox-nzaknp-dev-ed.my.salesforce.com"/>
            <property name="orgId" value="00D4x00000312ujEAA"/>
            <property name="username" value="henrique_nitatori@mindful-fox-nzaknp.com"/>
            <property name="testRunId" value="7074x000007PqKC"/>
            <property name="userId" value="0054x0000027d4KAAQ"/>
        </properties>
        <testcase name="givenSendProjectWhenPostProjectForSistemaLegadoThenExpectedReturnSucess" classname="PostProjectOutboundCommandTest" time="0.26">
            <failure message="System.AssertException: Assertion Failed: Expected: Integrado com sucesso, Actual: null"><![CDATA[Class.PostProjectOutboundCommandTest.givenSendProjectWhenPostProjectForSistemaLegadoThenExpectedReturnSucess: line 20, column 1]]></failure>
        </testcase>
    </testsuite>
</testsuites>
