<?xml version="1.0" encoding="UTF-8"?>
<testsuites>
    <testsuite name="force.apex" timestamp="2020-12-22T08:47:45-03:00" hostname="https://mindful-fox-nzaknp-dev-ed.my.salesforce.com" tests="1" failures="1"  errors="0"  time="0.04">
        <properties>
            <property name="outcome" value="Failed"/>
            <property name="testsRan" value="1"/>
            <property name="passing" value="0"/>
            <property name="failing" value="1"/>
            <property name="skipped" value="0"/>
            <property name="passRate" value="0%"/>
            <property name="failRate" value="100%"/>
            <property name="testStartTime" value="Dec 22, 2020 8:47 AM"/>
            <property name="testExecutionTime" value="0.04 s"/>
            <property name="testTotalTime" value="0.04 s"/>
            <property name="commandTime" value="5.22 s"/>
            <property name="hostname" value="https://mindful-fox-nzaknp-dev-ed.my.salesforce.com"/>
            <property name="orgId" value="00D4x00000312ujEAA"/>
            <property name="username" value="henrique_nitatori@mindful-fox-nzaknp.com"/>
            <property name="testRunId" value="7074x000005uhGx"/>
            <property name="userId" value="0054x0000027d4KAAQ"/>
        </properties>
        <testcase name="givenCreateWhenObjectProjectWhenExpectedListProjetc" classname="ProjectRepositoryTest" time="0.04">
            <failure message="System.DmlException: Insert failed. First exception on row 0; first error: REQUIRED_FIELD_MISSING, Campos obrigatórios ausentes: [ProjectName__c, Status__c, StartDate__c, EndDate__c, ExternalId__c]: [ProjectName__c, Status__c, StartDate__c, EndDate__c, ExternalId__c]"><![CDATA[Class.ProjectRepository.create: line 7, column 1
Class.ProjectRepositoryTest.givenCreateWhenObjectProjectWhenExpectedListProjetc: line 12, column 1]]></failure>
        </testcase>
    </testsuite>
</testsuites>
